============================= test session starts ==============================
platform darwin -- Python 3.14.7, pytest-9.1.1, pluggy-1.6.0
rootdir: /private/tmp/waterology-openresearch-plan-20260905
configfile: pyproject.toml
testpaths: tests
plugins: cov-7.1.0, anyio-4.15.1
collected 519 items

tests/agents/test_adapters.py ............                               [  2%]
tests/agents/test_agent_cli.py ....                                      [  3%]
tests/agents/test_supervisor.py ........................                 [  7%]
tests/constraints/test_scanners.py ..                                    [  8%]
tests/core/test_archive.py .................                             [ 11%]
tests/core/test_assessments.py ......                                    [ 12%]
tests/core/test_config.py .........                                      [ 14%]
tests/core/test_database.py ......                                       [ 15%]
tests/core/test_evidence.py ......                                       [ 16%]
tests/core/test_execution.py ..............                              [ 19%]
tests/core/test_experiment_cli.py ...                                    [ 19%]
tests/core/test_experiments.py .......                                   [ 21%]
tests/core/test_profiles.py ..................                           [ 24%]
tests/core/test_project.py ...............                               [ 27%]
tests/core/test_project_cli.py ....                                      [ 28%]
tests/core/test_records.py ...                                           [ 28%]
tests/core/test_repair.py ...................                            [ 32%]
tests/core/test_sessions.py ..............                               [ 35%]
tests/dashboard/test_app.py .....................                        [ 39%]
tests/dashboard/test_dashboard_cli.py ...                                [ 39%]
tests/dashboard/test_styles.py .                                         [ 40%]
tests/hooks/test_claim_reconcile.py ....                                 [ 40%]
tests/mcp/test_server.py ....                                            [ 41%]
tests/mcp/test_stdio.py .                                                [ 41%]
tests/packaging/test_docs.py .......                                     [ 43%]
tests/packaging/test_wheel.py .....                                      [ 44%]
tests/runtime/test_agents.py ..                                          [ 44%]
tests/runtime/test_assets.py ..                                          [ 44%]
tests/runtime/test_doctor.py .........                                   [ 46%]
tests/runtime/test_install_apply.py .................................... [ 53%]
.........................                                                [ 58%]
tests/runtime/test_install_plan.py ...........                           [ 60%]
tests/runtime/test_mcp_registration.py .....                             [ 61%]
tests/runtime/test_render.py ......                                      [ 62%]
tests/runtime/test_skills.py ..                                          [ 63%]
tests/runtime/test_validate.py ....................................      [ 69%]
tests/skills/test_figure_layout.py ......                                [ 71%]
tests/skills/test_paper_writing.py .....                                 [ 72%]
tests/skills/test_plugin_consolidation.py .......................        [ 76%]
tests/skills/test_remaining_roadmap.py ........                          [ 78%]
tests/skills/test_reproducibility_passport.py ....                       [ 78%]
tests/studies/test_contracts.py ....                                     [ 79%]
tests/studies/test_controller.py .......................                 [ 84%]
tests/test_cli.py ..                                                     [ 84%]
tests/test_install_cli.py .............                                  [ 86%]
tests/test_services.py .....                                             [ 87%]
tests/torc/test_gateway.py .....................                         [ 91%]
tests/torc/test_provider.py .......                                      [ 93%]
tests/torc/test_reconcile.py ...                                         [ 93%]
tests/torc/test_runs.py .................                                [ 97%]
tests/torc/test_states.py .......                                        [ 98%]
tests/torc/test_torc_cli.py .....                                        [ 99%]
tests/torc/test_workflow.py ...                                          [100%]

=============================== warnings summary ===============================
.pixi/envs/default/lib/python3.14/site-packages/starlette/testclient.py:53
  /private/tmp/waterology-openresearch-plan-20260905/.pixi/envs/default/lib/python3.14/site-packages/starlette/testclient.py:53: DeprecationWarning: The anyio.abc.BlockingPortal alias is deprecated, use anyio.from_thread.BlockingPortal instead.
    _PortalFactoryType = Callable[[], AbstractContextManager[anyio.abc.BlockingPortal]]

-- Docs: https://docs.pytest.org/en/stable/how-to/capture-warnings.html
======================= 519 passed, 1 warning in 46.79s ========================
